2024/08/22 15:53:13 {
  "error": {
    "code": 429,
    "message": "Quota exceeded for quota metric 'Queries' and limit 'Queries per day' of service 'customsearch.googleapis.com' for consumer 'project_number:872073375846'.",
    "errors": [
      {
        "message": "Quota exceeded for quota metric 'Queries' and limit 'Queries per day' of service 'customsearch.googleapis.com' for consumer 'project_number:872073375846'.",
        "domain": "global",
        "reason": "rateLimitExceeded"
      }
    ],
    "status": "RESOURCE_EXHAUSTED",
    "details": [
      {
        "@type": "type.googleapis.com/google.rpc.ErrorInfo",
        "reason": "RATE_LIMIT_EXCEEDED",
        "domain": "googleapis.com",
        "metadata": {
          "quota_metric": "customsearch.googleapis.com/requests",
          "quota_limit": "DefaultPerDayPerProject",
          "consumer": "projects/872073375846",
          "quota_location": "global",
          "service": "customsearch.googleapis.com",
          "quota_limit_value": "100"
        }
      },
      {
        "@type": "type.googleapis.com/google.rpc.Help",
        "links": [
          {
            "description": "Request a higher quota limit.",
            "url": "https://cloud.google.com/docs/quota#requesting_higher_quota"
          }
        ]
      }
    ]
  }
}

2024/08/22 15:53:13 {
  "error": {
    "code": 429,
    "message": "Quota exceeded for quota metric 'Queries' and limit 'Queries per day' of service 'customsearch.googleapis.com' for consumer 'project_number:872073375846'.",
    "errors": [
      {
        "message": "Quota exceeded for quota metric 'Queries' and limit 'Queries per day' of service 'customsearch.googleapis.com' for consumer 'project_number:872073375846'.",
        "domain": "global",
        "reason": "rateLimitExceeded"
      }
    ],
    "status": "RESOURCE_EXHAUSTED",
    "details": [
      {
        "@type": "type.googleapis.com/google.rpc.ErrorInfo",
        "reason": "RATE_LIMIT_EXCEEDED",
        "domain": "googleapis.com",
        "metadata": {
          "quota_location": "global",
          "consumer": "projects/872073375846",
          "service": "customsearch.googleapis.com",
          "quota_metric": "customsearch.googleapis.com/requests",
          "quota_limit": "DefaultPerDayPerProject",
          "quota_limit_value": "100"
        }
      },
      {
        "@type": "type.googleapis.com/google.rpc.Help",
        "links": [
          {
            "description": "Request a higher quota limit.",
            "url": "https://cloud.google.com/docs/quota#requesting_higher_quota"
          }
        ]
      }
    ]
  }
}

2024/08/22 15:53:13 {
  "error": {
    "code": 429,
    "message": "Quota exceeded for quota metric 'Queries' and limit 'Queries per day' of service 'customsearch.googleapis.com' for consumer 'project_number:872073375846'.",
    "errors": [
      {
        "message": "Quota exceeded for quota metric 'Queries' and limit 'Queries per day' of service 'customsearch.googleapis.com' for consumer 'project_number:872073375846'.",
        "domain": "global",
        "reason": "rateLimitExceeded"
      }
    ],
    "status": "RESOURCE_EXHAUSTED",
    "details": [
      {
        "@type": "type.googleapis.com/google.rpc.ErrorInfo",
        "reason": "RATE_LIMIT_EXCEEDED",
        "domain": "googleapis.com",
        "metadata": {
          "quota_metric": "customsearch.googleapis.com/requests",
          "quota_limit": "DefaultPerDayPerProject",
          "consumer": "projects/872073375846",
          "quota_location": "global",
          "service": "customsearch.googleapis.com",
          "quota_limit_value": "100"
        }
      },
      {
        "@type": "type.googleapis.com/google.rpc.Help",
        "links": [
          {
            "description": "Request a higher quota limit.",
            "url": "https://cloud.google.com/docs/quota#requesting_higher_quota"
          }
        ]
      }
    ]
  }
}

2024/08/22 15:53:13 {
  "error": {
    "code": 429,
    "message": "Quota exceeded for quota metric 'Queries' and limit 'Queries per day' of service 'customsearch.googleapis.com' for consumer 'project_number:872073375846'.",
    "errors": [
      {
        "message": "Quota exceeded for quota metric 'Queries' and limit 'Queries per day' of service 'customsearch.googleapis.com' for consumer 'project_number:872073375846'.",
        "domain": "global",
        "reason": "rateLimitExceeded"
      }
    ],
    "status": "RESOURCE_EXHAUSTED",
    "details": [
      {
        "@type": "type.googleapis.com/google.rpc.ErrorInfo",
        "reason": "RATE_LIMIT_EXCEEDED",
        "domain": "googleapis.com",
        "metadata": {
          "quota_metric": "customsearch.googleapis.com/requests",
          "quota_limit": "DefaultPerDayPerProject",
          "consumer": "projects/872073375846",
          "quota_location": "global",
          "service": "customsearch.googleapis.com",
          "quota_limit_value": "100"
        }
      },
      {
        "@type": "type.googleapis.com/google.rpc.Help",
        "links": [
          {
            "description": "Request a higher quota limit.",
            "url": "https://cloud.google.com/docs/quota#requesting_higher_quota"
          }
        ]
      }
    ]
  }
}

2024/08/22 15:53:13 {
  "error": {
    "code": 429,
    "message": "Quota exceeded for quota metric 'Queries' and limit 'Queries per day' of service 'customsearch.googleapis.com' for consumer 'project_number:872073375846'.",
    "errors": [
      {
        "message": "Quota exceeded for quota metric 'Queries' and limit 'Queries per day' of service 'customsearch.googleapis.com' for consumer 'project_number:872073375846'.",
        "domain": "global",
        "reason": "rateLimitExceeded"
      }
    ],
    "status": "RESOURCE_EXHAUSTED",
    "details": [
      {
        "@type": "type.googleapis.com/google.rpc.ErrorInfo",
        "reason": "RATE_LIMIT_EXCEEDED",
        "domain": "googleapis.com",
        "metadata": {
          "service": "customsearch.googleapis.com",
          "consumer": "projects/872073375846",
          "quota_location": "global",
          "quota_limit_value": "100",
          "quota_limit": "DefaultPerDayPerProject",
          "quota_metric": "customsearch.googleapis.com/requests"
        }
      },
      {
        "@type": "type.googleapis.com/google.rpc.Help",
        "links": [
          {
            "description": "Request a higher quota limit.",
            "url": "https://cloud.google.com/docs/quota#requesting_higher_quota"
          }
        ]
      }
    ]
  }
}

2024/08/22 15:53:13 {
  "error": {
    "code": 429,
    "message": "Quota exceeded for quota metric 'Queries' and limit 'Queries per day' of service 'customsearch.googleapis.com' for consumer 'project_number:872073375846'.",
    "errors": [
      {
        "message": "Quota exceeded for quota metric 'Queries' and limit 'Queries per day' of service 'customsearch.googleapis.com' for consumer 'project_number:872073375846'.",
        "domain": "global",
        "reason": "rateLimitExceeded"
      }
    ],
    "status": "RESOURCE_EXHAUSTED",
    "details": [
      {
        "@type": "type.googleapis.com/google.rpc.ErrorInfo",
        "reason": "RATE_LIMIT_EXCEEDED",
        "domain": "googleapis.com",
        "metadata": {
          "quota_location": "global",
          "consumer": "projects/872073375846",
          "service": "customsearch.googleapis.com",
          "quota_metric": "customsearch.googleapis.com/requests",
          "quota_limit": "DefaultPerDayPerProject",
          "quota_limit_value": "100"
        }
      },
      {
        "@type": "type.googleapis.com/google.rpc.Help",
        "links": [
          {
            "description": "Request a higher quota limit.",
            "url": "https://cloud.google.com/docs/quota#requesting_higher_quota"
          }
        ]
      }
    ]
  }
}

2024/08/22 15:53:13 {
  "error": {
    "code": 429,
    "message": "Quota exceeded for quota metric 'Queries' and limit 'Queries per day' of service 'customsearch.googleapis.com' for consumer 'project_number:872073375846'.",
    "errors": [
      {
        "message": "Quota exceeded for quota metric 'Queries' and limit 'Queries per day' of service 'customsearch.googleapis.com' for consumer 'project_number:872073375846'.",
        "domain": "global",
        "reason": "rateLimitExceeded"
      }
    ],
    "status": "RESOURCE_EXHAUSTED",
    "details": [
      {
        "@type": "type.googleapis.com/google.rpc.ErrorInfo",
        "reason": "RATE_LIMIT_EXCEEDED",
        "domain": "googleapis.com",
        "metadata": {
          "service": "customsearch.googleapis.com",
          "quota_metric": "customsearch.googleapis.com/requests",
          "quota_location": "global",
          "consumer": "projects/872073375846",
          "quota_limit_value": "100",
          "quota_limit": "DefaultPerDayPerProject"
        }
      },
      {
        "@type": "type.googleapis.com/google.rpc.Help",
        "links": [
          {
            "description": "Request a higher quota limit.",
            "url": "https://cloud.google.com/docs/quota#requesting_higher_quota"
          }
        ]
      }
    ]
  }
}

2024/08/22 15:53:17 {
  "error": {
    "code": 429,
    "message": "Quota exceeded for quota metric 'Queries' and limit 'Queries per day' of service 'customsearch.googleapis.com' for consumer 'project_number:872073375846'.",
    "errors": [
      {
        "message": "Quota exceeded for quota metric 'Queries' and limit 'Queries per day' of service 'customsearch.googleapis.com' for consumer 'project_number:872073375846'.",
        "domain": "global",
        "reason": "rateLimitExceeded"
      }
    ],
    "status": "RESOURCE_EXHAUSTED",
    "details": [
      {
        "@type": "type.googleapis.com/google.rpc.ErrorInfo",
        "reason": "RATE_LIMIT_EXCEEDED",
        "domain": "googleapis.com",
        "metadata": {
          "quota_location": "global",
          "service": "customsearch.googleapis.com",
          "consumer": "projects/872073375846",
          "quota_limit": "DefaultPerDayPerProject",
          "quota_limit_value": "100",
          "quota_metric": "customsearch.googleapis.com/requests"
        }
      },
      {
        "@type": "type.googleapis.com/google.rpc.Help",
        "links": [
          {
            "description": "Request a higher quota limit.",
            "url": "https://cloud.google.com/docs/quota#requesting_higher_quota"
          }
        ]
      }
    ]
  }
}

2024/08/22 15:53:17 {
  "error": {
    "code": 429,
    "message": "Quota exceeded for quota metric 'Queries' and limit 'Queries per day' of service 'customsearch.googleapis.com' for consumer 'project_number:872073375846'.",
    "errors": [
      {
        "message": "Quota exceeded for quota metric 'Queries' and limit 'Queries per day' of service 'customsearch.googleapis.com' for consumer 'project_number:872073375846'.",
        "domain": "global",
        "reason": "rateLimitExceeded"
      }
    ],
    "status": "RESOURCE_EXHAUSTED",
    "details": [
      {
        "@type": "type.googleapis.com/google.rpc.ErrorInfo",
        "reason": "RATE_LIMIT_EXCEEDED",
        "domain": "googleapis.com",
        "metadata": {
          "service": "customsearch.googleapis.com",
          "consumer": "projects/872073375846",
          "quota_limit": "DefaultPerDayPerProject",
          "quota_location": "global",
          "quota_limit_value": "100",
          "quota_metric": "customsearch.googleapis.com/requests"
        }
      },
      {
        "@type": "type.googleapis.com/google.rpc.Help",
        "links": [
          {
            "description": "Request a higher quota limit.",
            "url": "https://cloud.google.com/docs/quota#requesting_higher_quota"
          }
        ]
      }
    ]
  }
}

2024/08/22 15:53:17 {
  "error": {
    "code": 429,
    "message": "Quota exceeded for quota metric 'Queries' and limit 'Queries per day' of service 'customsearch.googleapis.com' for consumer 'project_number:872073375846'.",
    "errors": [
      {
        "message": "Quota exceeded for quota metric 'Queries' and limit 'Queries per day' of service 'customsearch.googleapis.com' for consumer 'project_number:872073375846'.",
        "domain": "global",
        "reason": "rateLimitExceeded"
      }
    ],
    "status": "RESOURCE_EXHAUSTED",
    "details": [
      {
        "@type": "type.googleapis.com/google.rpc.ErrorInfo",
        "reason": "RATE_LIMIT_EXCEEDED",
        "domain": "googleapis.com",
        "metadata": {
          "quota_limit_value": "100",
          "service": "customsearch.googleapis.com",
          "consumer": "projects/872073375846",
          "quota_limit": "DefaultPerDayPerProject",
          "quota_metric": "customsearch.googleapis.com/requests",
          "quota_location": "global"
        }
      },
      {
        "@type": "type.googleapis.com/google.rpc.Help",
        "links": [
          {
            "description": "Request a higher quota limit.",
            "url": "https://cloud.google.com/docs/quota#requesting_higher_quota"
          }
        ]
      }
    ]
  }
}

2024/08/22 15:53:17 {
  "error": {
    "code": 429,
    "message": "Quota exceeded for quota metric 'Queries' and limit 'Queries per day' of service 'customsearch.googleapis.com' for consumer 'project_number:872073375846'.",
    "errors": [
      {
        "message": "Quota exceeded for quota metric 'Queries' and limit 'Queries per day' of service 'customsearch.googleapis.com' for consumer 'project_number:872073375846'.",
        "domain": "global",
        "reason": "rateLimitExceeded"
      }
    ],
    "status": "RESOURCE_EXHAUSTED",
    "details": [
      {
        "@type": "type.googleapis.com/google.rpc.ErrorInfo",
        "reason": "RATE_LIMIT_EXCEEDED",
        "domain": "googleapis.com",
        "metadata": {
          "service": "customsearch.googleapis.com",
          "consumer": "projects/872073375846",
          "quota_limit": "DefaultPerDayPerProject",
          "quota_location": "global",
          "quota_limit_value": "100",
          "quota_metric": "customsearch.googleapis.com/requests"
        }
      },
      {
        "@type": "type.googleapis.com/google.rpc.Help",
        "links": [
          {
            "description": "Request a higher quota limit.",
            "url": "https://cloud.google.com/docs/quota#requesting_higher_quota"
          }
        ]
      }
    ]
  }
}

2024/08/22 15:53:17 {
  "error": {
    "code": 429,
    "message": "Quota exceeded for quota metric 'Queries' and limit 'Queries per day' of service 'customsearch.googleapis.com' for consumer 'project_number:872073375846'.",
    "errors": [
      {
        "message": "Quota exceeded for quota metric 'Queries' and limit 'Queries per day' of service 'customsearch.googleapis.com' for consumer 'project_number:872073375846'.",
        "domain": "global",
        "reason": "rateLimitExceeded"
      }
    ],
    "status": "RESOURCE_EXHAUSTED",
    "details": [
      {
        "@type": "type.googleapis.com/google.rpc.ErrorInfo",
        "reason": "RATE_LIMIT_EXCEEDED",
        "domain": "googleapis.com",
        "metadata": {
          "quota_limit_value": "100",
          "consumer": "projects/872073375846",
          "quota_limit": "DefaultPerDayPerProject",
          "quota_location": "global",
          "service": "customsearch.googleapis.com",
          "quota_metric": "customsearch.googleapis.com/requests"
        }
      },
      {
        "@type": "type.googleapis.com/google.rpc.Help",
        "links": [
          {
            "description": "Request a higher quota limit.",
            "url": "https://cloud.google.com/docs/quota#requesting_higher_quota"
          }
        ]
      }
    ]
  }
}

2024/08/22 15:53:17 {
  "error": {
    "code": 429,
    "message": "Quota exceeded for quota metric 'Queries' and limit 'Queries per day' of service 'customsearch.googleapis.com' for consumer 'project_number:872073375846'.",
    "errors": [
      {
        "message": "Quota exceeded for quota metric 'Queries' and limit 'Queries per day' of service 'customsearch.googleapis.com' for consumer 'project_number:872073375846'.",
        "domain": "global",
        "reason": "rateLimitExceeded"
      }
    ],
    "status": "RESOURCE_EXHAUSTED",
    "details": [
      {
        "@type": "type.googleapis.com/google.rpc.ErrorInfo",
        "reason": "RATE_LIMIT_EXCEEDED",
        "domain": "googleapis.com",
        "metadata": {
          "quota_limit_value": "100",
          "consumer": "projects/872073375846",
          "quota_limit": "DefaultPerDayPerProject",
          "quota_location": "global",
          "service": "customsearch.googleapis.com",
          "quota_metric": "customsearch.googleapis.com/requests"
        }
      },
      {
        "@type": "type.googleapis.com/google.rpc.Help",
        "links": [
          {
            "description": "Request a higher quota limit.",
            "url": "https://cloud.google.com/docs/quota#requesting_higher_quota"
          }
        ]
      }
    ]
  }
}

2024/08/22 15:53:17 {
  "error": {
    "code": 429,
    "message": "Quota exceeded for quota metric 'Queries' and limit 'Queries per day' of service 'customsearch.googleapis.com' for consumer 'project_number:872073375846'.",
    "errors": [
      {
        "message": "Quota exceeded for quota metric 'Queries' and limit 'Queries per day' of service 'customsearch.googleapis.com' for consumer 'project_number:872073375846'.",
        "domain": "global",
        "reason": "rateLimitExceeded"
      }
    ],
    "status": "RESOURCE_EXHAUSTED",
    "details": [
      {
        "@type": "type.googleapis.com/google.rpc.ErrorInfo",
        "reason": "RATE_LIMIT_EXCEEDED",
        "domain": "googleapis.com",
        "metadata": {
          "service": "customsearch.googleapis.com",
          "consumer": "projects/872073375846",
          "quota_limit": "DefaultPerDayPerProject",
          "quota_metric": "customsearch.googleapis.com/requests",
          "quota_location": "global",
          "quota_limit_value": "100"
        }
      },
      {
        "@type": "type.googleapis.com/google.rpc.Help",
        "links": [
          {
            "description": "Request a higher quota limit.",
            "url": "https://cloud.google.com/docs/quota#requesting_higher_quota"
          }
        ]
      }
    ]
  }
}

2024/08/22 15:53:21 {
  "error": {
    "code": 429,
    "message": "Quota exceeded for quota metric 'Queries' and limit 'Queries per day' of service 'customsearch.googleapis.com' for consumer 'project_number:872073375846'.",
    "errors": [
      {
        "message": "Quota exceeded for quota metric 'Queries' and limit 'Queries per day' of service 'customsearch.googleapis.com' for consumer 'project_number:872073375846'.",
        "domain": "global",
        "reason": "rateLimitExceeded"
      }
    ],
    "status": "RESOURCE_EXHAUSTED",
    "details": [
      {
        "@type": "type.googleapis.com/google.rpc.ErrorInfo",
        "reason": "RATE_LIMIT_EXCEEDED",
        "domain": "googleapis.com",
        "metadata": {
          "quota_limit_value": "100",
          "service": "customsearch.googleapis.com",
          "consumer": "projects/872073375846",
          "quota_limit": "DefaultPerDayPerProject",
          "quota_metric": "customsearch.googleapis.com/requests",
          "quota_location": "global"
        }
      },
      {
        "@type": "type.googleapis.com/google.rpc.Help",
        "links": [
          {
            "description": "Request a higher quota limit.",
            "url": "https://cloud.google.com/docs/quota#requesting_higher_quota"
          }
        ]
      }
    ]
  }
}

2024/08/22 15:53:21 {
  "error": {
    "code": 429,
    "message": "Quota exceeded for quota metric 'Queries' and limit 'Queries per day' of service 'customsearch.googleapis.com' for consumer 'project_number:872073375846'.",
    "errors": [
      {
        "message": "Quota exceeded for quota metric 'Queries' and limit 'Queries per day' of service 'customsearch.googleapis.com' for consumer 'project_number:872073375846'.",
        "domain": "global",
        "reason": "rateLimitExceeded"
      }
    ],
    "status": "RESOURCE_EXHAUSTED",
    "details": [
      {
        "@type": "type.googleapis.com/google.rpc.ErrorInfo",
        "reason": "RATE_LIMIT_EXCEEDED",
        "domain": "googleapis.com",
        "metadata": {
          "quota_location": "global",
          "quota_limit_value": "100",
          "service": "customsearch.googleapis.com",
          "quota_limit": "DefaultPerDayPerProject",
          "consumer": "projects/872073375846",
          "quota_metric": "customsearch.googleapis.com/requests"
        }
      },
      {
        "@type": "type.googleapis.com/google.rpc.Help",
        "links": [
          {
            "description": "Request a higher quota limit.",
            "url": "https://cloud.google.com/docs/quota#requesting_higher_quota"
          }
        ]
      }
    ]
  }
}

2024/08/22 15:53:21 {
  "error": {
    "code": 429,
    "message": "Quota exceeded for quota metric 'Queries' and limit 'Queries per day' of service 'customsearch.googleapis.com' for consumer 'project_number:872073375846'.",
    "errors": [
      {
        "message": "Quota exceeded for quota metric 'Queries' and limit 'Queries per day' of service 'customsearch.googleapis.com' for consumer 'project_number:872073375846'.",
        "domain": "global",
        "reason": "rateLimitExceeded"
      }
    ],
    "status": "RESOURCE_EXHAUSTED",
    "details": [
      {
        "@type": "type.googleapis.com/google.rpc.ErrorInfo",
        "reason": "RATE_LIMIT_EXCEEDED",
        "domain": "googleapis.com",
        "metadata": {
          "quota_location": "global",
          "quota_limit_value": "100",
          "service": "customsearch.googleapis.com",
          "quota_limit": "DefaultPerDayPerProject",
          "consumer": "projects/872073375846",
          "quota_metric": "customsearch.googleapis.com/requests"
        }
      },
      {
        "@type": "type.googleapis.com/google.rpc.Help",
        "links": [
          {
            "description": "Request a higher quota limit.",
            "url": "https://cloud.google.com/docs/quota#requesting_higher_quota"
          }
        ]
      }
    ]
  }
}

2024/08/22 15:53:21 {
  "error": {
    "code": 429,
    "message": "Quota exceeded for quota metric 'Queries' and limit 'Queries per day' of service 'customsearch.googleapis.com' for consumer 'project_number:872073375846'.",
    "errors": [
      {
        "message": "Quota exceeded for quota metric 'Queries' and limit 'Queries per day' of service 'customsearch.googleapis.com' for consumer 'project_number:872073375846'.",
        "domain": "global",
        "reason": "rateLimitExceeded"
      }
    ],
    "status": "RESOURCE_EXHAUSTED",
    "details": [
      {
        "@type": "type.googleapis.com/google.rpc.ErrorInfo",
        "reason": "RATE_LIMIT_EXCEEDED",
        "domain": "googleapis.com",
        "metadata": {
          "quota_location": "global",
          "quota_limit_value": "100",
          "service": "customsearch.googleapis.com",
          "quota_limit": "DefaultPerDayPerProject",
          "consumer": "projects/872073375846",
          "quota_metric": "customsearch.googleapis.com/requests"
        }
      },
      {
        "@type": "type.googleapis.com/google.rpc.Help",
        "links": [
          {
            "description": "Request a higher quota limit.",
            "url": "https://cloud.google.com/docs/quota#requesting_higher_quota"
          }
        ]
      }
    ]
  }
}

2024/08/22 15:53:21 {
  "error": {
    "code": 429,
    "message": "Quota exceeded for quota metric 'Queries' and limit 'Queries per day' of service 'customsearch.googleapis.com' for consumer 'project_number:872073375846'.",
    "errors": [
      {
        "message": "Quota exceeded for quota metric 'Queries' and limit 'Queries per day' of service 'customsearch.googleapis.com' for consumer 'project_number:872073375846'.",
        "domain": "global",
        "reason": "rateLimitExceeded"
      }
    ],
    "status": "RESOURCE_EXHAUSTED",
    "details": [
      {
        "@type": "type.googleapis.com/google.rpc.ErrorInfo",
        "reason": "RATE_LIMIT_EXCEEDED",
        "domain": "googleapis.com",
        "metadata": {
          "quota_metric": "customsearch.googleapis.com/requests",
          "quota_limit_value": "100",
          "consumer": "projects/872073375846",
          "quota_limit": "DefaultPerDayPerProject",
          "quota_location": "global",
          "service": "customsearch.googleapis.com"
        }
      },
      {
        "@type": "type.googleapis.com/google.rpc.Help",
        "links": [
          {
            "description": "Request a higher quota limit.",
            "url": "https://cloud.google.com/docs/quota#requesting_higher_quota"
          }
        ]
      }
    ]
  }
}

2024/08/22 15:53:21 {
  "error": {
    "code": 429,
    "message": "Quota exceeded for quota metric 'Queries' and limit 'Queries per day' of service 'customsearch.googleapis.com' for consumer 'project_number:872073375846'.",
    "errors": [
      {
        "message": "Quota exceeded for quota metric 'Queries' and limit 'Queries per day' of service 'customsearch.googleapis.com' for consumer 'project_number:872073375846'.",
        "domain": "global",
        "reason": "rateLimitExceeded"
      }
    ],
    "status": "RESOURCE_EXHAUSTED",
    "details": [
      {
        "@type": "type.googleapis.com/google.rpc.ErrorInfo",
        "reason": "RATE_LIMIT_EXCEEDED",
        "domain": "googleapis.com",
        "metadata": {
          "quota_limit_value": "100",
          "service": "customsearch.googleapis.com",
          "consumer": "projects/872073375846",
          "quota_limit": "DefaultPerDayPerProject",
          "quota_metric": "customsearch.googleapis.com/requests",
          "quota_location": "global"
        }
      },
      {
        "@type": "type.googleapis.com/google.rpc.Help",
        "links": [
          {
            "description": "Request a higher quota limit.",
            "url": "https://cloud.google.com/docs/quota#requesting_higher_quota"
          }
        ]
      }
    ]
  }
}

2024/08/22 15:53:21 {
  "error": {
    "code": 429,
    "message": "Quota exceeded for quota metric 'Queries' and limit 'Queries per day' of service 'customsearch.googleapis.com' for consumer 'project_number:872073375846'.",
    "errors": [
      {
        "message": "Quota exceeded for quota metric 'Queries' and limit 'Queries per day' of service 'customsearch.googleapis.com' for consumer 'project_number:872073375846'.",
        "domain": "global",
        "reason": "rateLimitExceeded"
      }
    ],
    "status": "RESOURCE_EXHAUSTED",
    "details": [
      {
        "@type": "type.googleapis.com/google.rpc.ErrorInfo",
        "reason": "RATE_LIMIT_EXCEEDED",
        "domain": "googleapis.com",
        "metadata": {
          "quota_metric": "customsearch.googleapis.com/requests",
          "quota_location": "global",
          "quota_limit_value": "100",
          "consumer": "projects/872073375846",
          "quota_limit": "DefaultPerDayPerProject",
          "service": "customsearch.googleapis.com"
        }
      },
      {
        "@type": "type.googleapis.com/google.rpc.Help",
        "links": [
          {
            "description": "Request a higher quota limit.",
            "url": "https://cloud.google.com/docs/quota#requesting_higher_quota"
          }
        ]
      }
    ]
  }
}

